20-Jun-2018 11:11:26 PM - DEBUG - root - Hello this is a debug message 
20-Jun-2018 11:11:26 PM - INFO - root - Hello this is information 
20-Jun-2018 11:11:26 PM - WARNING - root - Hello this is a warning 
20-Jun-2018 11:11:26 PM - ERROR - root - Hello this is an error 
20-Jun-2018 11:11:26 PM - CRITICAL - root - Hello this an critical error 

30-Jun-2018 06:22:42 AM - DEBUG - root - Hello this is a debug message 
30-Jun-2018 06:22:42 AM - INFO - root - Hello this is information 
30-Jun-2018 06:22:42 AM - WARNING - root - Hello this is a warning 
30-Jun-2018 06:22:42 AM - ERROR - root - Hello this is an error 
30-Jun-2018 06:22:42 AM - CRITICAL - root - Hello this an critical error 

21-Aug-2018 10:48:10 PM - DEBUG - root - Hello this is a debug message 
21-Aug-2018 10:48:10 PM - INFO - root - Hello this is information 
21-Aug-2018 10:48:10 PM - WARNING - root - Hello this is a warning 
21-Aug-2018 10:48:10 PM - ERROR - root - Hello this is an error 
21-Aug-2018 10:48:10 PM - CRITICAL - root - Hello this an critical error 

25-Oct-2018 10:36:18 PM - DEBUG - root - Hello this is a debug message 
25-Oct-2018 10:36:18 PM - INFO - root - Hello this is information 
25-Oct-2018 10:36:18 PM - WARNING - root - Hello this is a warning 
25-Oct-2018 10:36:18 PM - ERROR - root - Hello this is an error 
25-Oct-2018 10:36:18 PM - CRITICAL - root - Hello this an critical error 

26-Oct-2018 09:46:13 PM - DEBUG - root - Hello this is a debug message 
26-Oct-2018 09:46:13 PM - INFO - root - Hello this is information 
26-Oct-2018 09:46:13 PM - WARNING - root - Hello this is a warning 
26-Oct-2018 09:46:13 PM - ERROR - root - Hello this is an error 
26-Oct-2018 09:46:13 PM - CRITICAL - root - Hello this an critical error 

26-Oct-2018 21:48:26 PM - DEBUG - root - Hello this is a debug message 
26-Oct-2018 21:48:26 PM - INFO - root - Hello this is information 
26-Oct-2018 21:48:26 PM - WARNING - root - Hello this is a warning 
26-Oct-2018 21:48:26 PM - ERROR - root - Hello this is an error 
26-Oct-2018 21:48:26 PM - CRITICAL - root - Hello this an critical error 

26-Oct-2018 21:48:32 PM - DEBUG - root - Hello this is a debug message 
26-Oct-2018 21:48:32 PM - INFO - root - Hello this is information 
26-Oct-2018 21:48:32 PM - WARNING - root - Hello this is a warning 
26-Oct-2018 21:48:32 PM - ERROR - root - Hello this is an error 
26-Oct-2018 21:48:32 PM - CRITICAL - root - Hello this an critical error 

